2024-11-08 11:15:13,216 - INFO - Bot started.
2024-11-08 11:15:14,506 - ERROR - Failed to set leverage for BNBUSDT: APIError(code=-2015): Invalid API-key, IP, or permissions for action, request ip: 95.133.50.119
2024-11-08 11:15:14,905 - ERROR - Failed to set leverage for ETHUSDT: APIError(code=-2015): Invalid API-key, IP, or permissions for action, request ip: 95.133.50.119
2024-11-08 11:15:15,393 - ERROR - Failed to set leverage for BTCUSDT: APIError(code=-2015): Invalid API-key, IP, or permissions for action, request ip: 95.133.50.119
2024-11-08 11:15:15,680 - ERROR - Failed to set leverage for SOLUSDT: APIError(code=-2015): Invalid API-key, IP, or permissions for action, request ip: 95.133.50.119
2024-11-08 11:15:15,991 - ERROR - Failed to fetch balance: APIError(code=-2015): Invalid API-key, IP, or permissions for action, request ip: 95.133.50.119
2024-11-08 11:15:15,991 - INFO - Current Balance: 0.0 USDT | Total Profit: 0.0 | Total Loss: 0.0
2024-11-08 11:15:15,991 - INFO - Checking symbol BNBUSDT...
2024-11-08 11:15:15,991 - WARNING - Insufficient funds to open new position for BNBUSDT. Waiting for balance to increase or for trades to close.
2024-11-08 11:15:15,991 - INFO - Checking symbol ETHUSDT...
2024-11-08 11:15:15,991 - WARNING - Insufficient funds to open new position for ETHUSDT. Waiting for balance to increase or for trades to close.
2024-11-08 11:15:15,991 - INFO - Checking symbol BTCUSDT...
2024-11-08 11:15:15,991 - WARNING - Insufficient funds to open new position for BTCUSDT. Waiting for balance to increase or for trades to close.
2024-11-08 11:15:15,992 - INFO - Checking symbol SOLUSDT...
2024-11-08 11:15:15,992 - WARNING - Insufficient funds to open new position for SOLUSDT. Waiting for balance to increase or for trades to close.
2024-11-08 11:16:57,847 - INFO - Bot started.
2024-11-08 11:16:59,048 - INFO - Leverage set to 30x for BNBUSDT
2024-11-08 11:16:59,314 - INFO - Leverage set to 30x for ETHUSDT
2024-11-08 11:16:59,609 - INFO - Leverage set to 30x for BTCUSDT
2024-11-08 11:16:59,874 - INFO - Leverage set to 30x for SOLUSDT
2024-11-08 11:17:00,142 - INFO - Current Balance: 16.00576484 USDT | Total Profit: 0.0 | Total Loss: 0.0
2024-11-08 11:17:00,142 - INFO - Checking symbol BNBUSDT...
2024-11-08 11:17:00,432 - INFO - No position information returned for BNBUSDT. Assuming no active position.
2024-11-08 11:17:00,432 - INFO - No active position for BNBUSDT. Checking entry conditions...
2024-11-08 11:17:00,962 - INFO - Calculating indicators...
2024-11-08 11:17:00,963 - INFO - BNBUSDT - MACD: -0.08409910793295694, Signal: -0.10299990699198591, ADX: 13.556561551949878, OBV trend: down
2024-11-08 11:17:01,253 - INFO - Checking symbol ETHUSDT...
2024-11-08 11:17:01,588 - INFO - No position information returned for ETHUSDT. Assuming no active position.
2024-11-08 11:17:01,589 - INFO - No active position for ETHUSDT. Checking entry conditions...
2024-11-08 11:17:01,877 - INFO - Calculating indicators...
2024-11-08 11:17:01,877 - INFO - ETHUSDT - MACD: 0.9207587373275601, Signal: 3.1753030449359345, ADX: 13.889230576100406, OBV trend: down
2024-11-08 11:17:02,178 - INFO - Checking symbol BTCUSDT...
2024-11-08 11:17:02,442 - INFO - No position information returned for BTCUSDT. Assuming no active position.
2024-11-08 11:17:02,443 - INFO - No active position for BTCUSDT. Checking entry conditions...
2024-11-08 11:17:02,714 - INFO - Calculating indicators...
2024-11-08 11:17:02,715 - INFO - BTCUSDT - MACD: 2.1923562900483375, Signal: 5.999067361513215, ADX: 9.682886777202196, OBV trend: down
2024-11-08 11:17:02,978 - INFO - Checking symbol SOLUSDT...
2024-11-08 11:17:03,310 - INFO - No position information returned for SOLUSDT. Assuming no active position.
2024-11-08 11:17:03,310 - INFO - No active position for SOLUSDT. Checking entry conditions...
2024-11-08 11:17:03,691 - INFO - Calculating indicators...
2024-11-08 11:17:03,692 - INFO - SOLUSDT - MACD: 0.3871401699873047, Signal: 0.4977944913142098, ADX: 16.710206470427273, OBV trend: up
2024-11-08 11:22:07,117 - INFO - Current Balance: 16.00576484 USDT | Total Profit: 0.0 | Total Loss: 0.0
2024-11-08 11:22:07,117 - INFO - Checking symbol BNBUSDT...
2024-11-08 11:22:07,384 - ERROR - Error checking open position for BNBUSDT: APIError(code=-2015): Invalid API-key, IP, or permissions for action, request ip: 95.133.50.119
2024-11-08 11:22:07,384 - INFO - No active position for BNBUSDT. Checking entry conditions...
2024-11-08 11:22:07,942 - INFO - Calculating indicators...
2024-11-08 11:22:07,942 - INFO - BNBUSDT - MACD: -0.05219027602413462, Signal: -0.09661814061022145, ADX: 13.834196035982387, OBV trend: down
2024-11-08 11:22:08,207 - INFO - Checking symbol ETHUSDT...
2024-11-08 11:22:08,479 - INFO - No position information returned for ETHUSDT. Assuming no active position.
2024-11-08 11:22:08,479 - INFO - No active position for ETHUSDT. Checking entry conditions...
2024-11-08 11:22:08,765 - INFO - Calculating indicators...
2024-11-08 11:22:08,766 - INFO - ETHUSDT - MACD: 1.5078812444503455, Signal: 3.2927275463604917, ADX: 13.889230576100406, OBV trend: up
2024-11-08 11:22:09,030 - INFO - Checking symbol BTCUSDT...
2024-11-08 11:22:09,378 - ERROR - Error checking open position for BTCUSDT: APIError(code=-2015): Invalid API-key, IP, or permissions for action, request ip: 95.133.50.119
2024-11-08 11:22:09,378 - INFO - No active position for BTCUSDT. Checking entry conditions...
2024-11-08 11:22:09,691 - INFO - Calculating indicators...
2024-11-08 11:22:09,692 - INFO - BTCUSDT - MACD: 11.804891902575037, Signal: 7.921574484018555, ADX: 9.682886777202196, OBV trend: up
2024-11-08 11:22:09,959 - INFO - Checking symbol SOLUSDT...
2024-11-08 11:22:10,405 - INFO - No position information returned for SOLUSDT. Assuming no active position.
2024-11-08 11:22:10,405 - INFO - No active position for SOLUSDT. Checking entry conditions...
2024-11-08 11:22:10,679 - INFO - Calculating indicators...
2024-11-08 11:22:10,679 - INFO - SOLUSDT - MACD: 0.4310148138619354, Signal: 0.506569420089136, ADX: 16.617886548589944, OBV trend: up
2024-11-08 11:27:12,276 - INFO - Current Balance: 16.00576484 USDT | Total Profit: 0.0 | Total Loss: 0.0
2024-11-08 11:27:12,277 - INFO - Checking symbol BNBUSDT...
2024-11-08 11:27:12,660 - INFO - No position information returned for BNBUSDT. Assuming no active position.
2024-11-08 11:27:12,661 - INFO - No active position for BNBUSDT. Checking entry conditions...
2024-11-08 11:27:13,238 - INFO - Calculating indicators...
2024-11-08 11:27:13,238 - INFO - BNBUSDT - MACD: -0.05777432160812168, Signal: -0.09773494972701886, ADX: 13.834196035982387, OBV trend: down
2024-11-08 11:27:13,520 - INFO - Checking symbol ETHUSDT...
2024-11-08 11:27:13,788 - ERROR - Error checking open position for ETHUSDT: APIError(code=-2015): Invalid API-key, IP, or permissions for action, request ip: 95.133.50.119
2024-11-08 11:27:13,788 - INFO - No active position for ETHUSDT. Checking entry conditions...
2024-11-08 11:27:14,068 - INFO - Calculating indicators...
2024-11-08 11:27:14,069 - INFO - ETHUSDT - MACD: 1.4384795350483728, Signal: 3.278847204480097, ADX: 13.889230576100406, OBV trend: up
2024-11-08 11:27:14,337 - INFO - Checking symbol BTCUSDT...
2024-11-08 11:27:14,609 - INFO - No position information returned for BTCUSDT. Assuming no active position.
2024-11-08 11:27:14,609 - INFO - No active position for BTCUSDT. Checking entry conditions...
2024-11-08 11:27:14,922 - INFO - Calculating indicators...
2024-11-08 11:27:14,923 - INFO - BTCUSDT - MACD: 8.135376233054558, Signal: 7.187671350114459, ADX: 9.682886777202196, OBV trend: up
2024-11-08 11:27:15,193 - INFO - Checking symbol SOLUSDT...
2024-11-08 11:27:15,535 - INFO - No position information returned for SOLUSDT. Assuming no active position.
2024-11-08 11:27:15,535 - INFO - No active position for SOLUSDT. Checking entry conditions...
2024-11-08 11:27:15,811 - INFO - Calculating indicators...
2024-11-08 11:27:15,812 - INFO - SOLUSDT - MACD: 0.4326102554573765, Signal: 0.5068885084082242, ADX: 16.617886548589944, OBV trend: up
